<?xml version="1.0" encoding="UTF-8"?>
<coverage generated="1573838047413" clover="3.2.0">
  <project timestamp="1573838047413" name="All files">
    <metrics statements="348" coveredstatements="348" conditionals="62" coveredconditionals="62" methods="73" coveredmethods="73" elements="483" coveredelements="483" complexity="0" loc="348" ncloc="348" packages="1" files="7" classes="7"/>
    <file name="application.ts" path="/Users/macbookpro/Desktop/jest-express-master/src/application.ts">
      <metrics statements="10" coveredstatements="10" conditionals="0" coveredconditionals="0" methods="2" coveredmethods="2"/>
      <line num="3" count="2" type="stmt"/>
      <line num="10" count="11" type="stmt"/>
      <line num="11" count="11" type="stmt"/>
      <line num="12" count="11" type="stmt"/>
      <line num="13" count="11" type="stmt"/>
      <line num="14" count="11" type="stmt"/>
      <line num="18" count="12" type="stmt"/>
      <line num="19" count="12" type="stmt"/>
      <line num="20" count="12" type="stmt"/>
      <line num="21" count="12" type="stmt"/>
    </file>
    <file name="express.ts" path="/Users/macbookpro/Desktop/jest-express-master/src/express.ts">
      <metrics statements="84" coveredstatements="84" conditionals="18" coveredconditionals="18" methods="15" coveredmethods="15"/>
      <line num="1" count="4" type="stmt"/>
      <line num="2" count="4" type="stmt"/>
      <line num="3" count="4" type="stmt"/>
      <line num="8" count="4" type="stmt"/>
      <line num="44" count="204" type="stmt"/>
      <line num="45" count="204" type="stmt"/>
      <line num="46" count="204" type="stmt"/>
      <line num="48" count="204" type="stmt"/>
      <line num="49" count="204" type="stmt"/>
      <line num="50" count="204" type="stmt"/>
      <line num="51" count="204" type="stmt"/>
      <line num="53" count="204" type="stmt"/>
      <line num="54" count="204" type="stmt"/>
      <line num="55" count="204" type="stmt"/>
      <line num="56" count="4" type="stmt"/>
      <line num="58" count="204" type="stmt"/>
      <line num="59" count="1" type="stmt"/>
      <line num="61" count="204" type="stmt"/>
      <line num="62" count="4" type="stmt"/>
      <line num="64" count="204" type="stmt"/>
      <line num="65" count="1" type="stmt"/>
      <line num="67" count="204" type="stmt"/>
      <line num="69" count="204" type="stmt"/>
      <line num="70" count="204" type="stmt"/>
      <line num="71" count="204" type="stmt"/>
      <line num="72" count="204" type="stmt"/>
      <line num="73" count="204" type="stmt"/>
      <line num="74" count="204" type="stmt"/>
      <line num="75" count="204" type="stmt"/>
      <line num="76" count="204" type="stmt"/>
      <line num="77" count="204" type="stmt"/>
      <line num="79" count="204" type="stmt"/>
      <line num="81" count="204" type="stmt"/>
      <line num="82" count="204" type="stmt"/>
      <line num="83" count="3" type="cond" truecount="4" falsecount="0"/>
      <line num="84" count="1" type="stmt"/>
      <line num="86" count="2" type="cond" truecount="4" falsecount="0"/>
      <line num="87" count="1" type="stmt"/>
      <line num="89" count="1" type="stmt"/>
      <line num="91" count="204" type="stmt"/>
      <line num="92" count="12" type="cond" truecount="4" falsecount="0"/>
      <line num="93" count="5" type="stmt"/>
      <line num="95" count="7" type="stmt"/>
      <line num="96" count="10" type="cond" truecount="4" falsecount="0"/>
      <line num="97" count="6" type="stmt"/>
      <line num="99" count="7" type="stmt"/>
      <line num="101" count="1" type="stmt"/>
      <line num="104" count="204" type="stmt"/>
      <line num="105" count="4" type="stmt"/>
      <line num="113" count="204" type="stmt"/>
      <line num="114" count="12" type="stmt"/>
      <line num="116" count="204" type="stmt"/>
      <line num="120" count="3" type="stmt"/>
      <line num="124" count="3" type="stmt"/>
      <line num="128" count="3" type="stmt"/>
      <line num="133" count="94" type="stmt"/>
      <line num="134" count="94" type="stmt"/>
      <line num="135" count="94" type="stmt"/>
      <line num="137" count="94" type="stmt"/>
      <line num="138" count="94" type="stmt"/>
      <line num="139" count="94" type="stmt"/>
      <line num="140" count="94" type="stmt"/>
      <line num="141" count="94" type="stmt"/>
      <line num="142" count="94" type="stmt"/>
      <line num="143" count="94" type="stmt"/>
      <line num="144" count="94" type="stmt"/>
      <line num="145" count="94" type="stmt"/>
      <line num="146" count="94" type="stmt"/>
      <line num="147" count="94" type="stmt"/>
      <line num="148" count="94" type="stmt"/>
      <line num="149" count="94" type="stmt"/>
      <line num="150" count="94" type="stmt"/>
      <line num="151" count="94" type="stmt"/>
      <line num="152" count="94" type="stmt"/>
      <line num="153" count="94" type="stmt"/>
      <line num="154" count="94" type="stmt"/>
      <line num="155" count="94" type="stmt"/>
      <line num="156" count="94" type="stmt"/>
      <line num="157" count="94" type="stmt"/>
      <line num="158" count="94" type="stmt"/>
      <line num="160" count="94" type="stmt"/>
      <line num="161" count="94" type="stmt"/>
      <line num="162" count="94" type="stmt"/>
      <line num="164" count="94" type="stmt"/>
    </file>
    <file name="index.ts" path="/Users/macbookpro/Desktop/jest-express-master/src/index.ts">
      <metrics statements="19" coveredstatements="19" conditionals="0" coveredconditionals="0" methods="2" coveredmethods="2"/>
      <line num="1" count="1" type="stmt"/>
      <line num="2" count="1" type="stmt"/>
      <line num="3" count="1" type="stmt"/>
      <line num="4" count="1" type="stmt"/>
      <line num="5" count="1" type="stmt"/>
      <line num="6" count="1" type="stmt"/>
      <line num="11" count="1" type="stmt"/>
      <line num="17" count="1" type="stmt"/>
      <line num="23" count="1" type="stmt"/>
      <line num="24" count="1" type="stmt"/>
      <line num="25" count="1" type="stmt"/>
      <line num="26" count="1" type="stmt"/>
      <line num="27" count="1" type="stmt"/>
      <line num="32" count="1" type="stmt"/>
      <line num="33" count="1" type="stmt"/>
      <line num="34" count="1" type="stmt"/>
      <line num="35" count="1" type="stmt"/>
      <line num="36" count="1" type="stmt"/>
      <line num="37" count="1" type="stmt"/>
    </file>
    <file name="next.ts" path="/Users/macbookpro/Desktop/jest-express-master/src/next.ts">
      <metrics statements="1" coveredstatements="1" conditionals="0" coveredconditionals="0" methods="0" coveredmethods="0"/>
      <line num="13" count="5" type="stmt"/>
    </file>
    <file name="request.ts" path="/Users/macbookpro/Desktop/jest-express-master/src/request.ts">
      <metrics statements="123" coveredstatements="123" conditionals="36" coveredconditionals="36" methods="24" coveredmethods="24"/>
      <line num="1" count="4" type="stmt"/>
      <line num="2" count="4" type="stmt"/>
      <line num="20" count="4" type="stmt"/>
      <line num="58" count="333" type="stmt"/>
      <line num="59" count="333" type="stmt"/>
      <line num="60" count="333" type="stmt"/>
      <line num="61" count="333" type="stmt"/>
      <line num="62" count="333" type="stmt"/>
      <line num="63" count="333" type="stmt"/>
      <line num="64" count="333" type="stmt"/>
      <line num="65" count="333" type="stmt"/>
      <line num="66" count="333" type="stmt"/>
      <line num="67" count="333" type="stmt"/>
      <line num="68" count="333" type="stmt"/>
      <line num="69" count="333" type="stmt"/>
      <line num="70" count="333" type="stmt"/>
      <line num="71" count="333" type="stmt"/>
      <line num="72" count="333" type="stmt"/>
      <line num="73" count="333" type="stmt"/>
      <line num="74" count="333" type="stmt"/>
      <line num="75" count="333" type="stmt"/>
      <line num="76" count="333" type="stmt"/>
      <line num="77" count="333" type="stmt"/>
      <line num="79" count="333" type="stmt"/>
      <line num="80" count="333" type="stmt"/>
      <line num="81" count="333" type="stmt"/>
      <line num="82" count="333" type="stmt"/>
      <line num="83" count="333" type="stmt"/>
      <line num="85" count="3" type="stmt"/>
      <line num="86" count="333" type="stmt"/>
      <line num="87" count="333" type="stmt"/>
      <line num="89" count="333" type="cond" truecount="4" falsecount="0"/>
      <line num="91" count="333" type="cond" truecount="2" falsecount="0"/>
      <line num="92" count="5" type="stmt"/>
      <line num="93" count="5" type="stmt"/>
      <line num="94" count="5" type="stmt"/>
      <line num="97" count="333" type="stmt"/>
      <line num="101" count="18" type="stmt"/>
      <line num="103" count="18" type="cond" truecount="2" falsecount="0"/>
      <line num="104" count="18" type="cond" truecount="2" falsecount="0"/>
      <line num="105" count="18" type="cond" truecount="2" falsecount="0"/>
      <line num="106" count="18" type="stmt"/>
      <line num="107" count="18" type="stmt"/>
      <line num="110" count="18" type="stmt"/>
      <line num="112" count="18" type="stmt"/>
      <line num="113" count="18" type="cond" truecount="2" falsecount="0"/>
      <line num="114" count="4" type="stmt"/>
      <line num="117" count="18" type="cond" truecount="2" falsecount="0"/>
      <line num="118" count="6" type="cond" truecount="2" falsecount="0"/>
      <line num="119" count="4" type="stmt"/>
      <line num="120" count="4" type="stmt"/>
      <line num="121" count="4" type="stmt"/>
      <line num="122" count="4" type="stmt"/>
      <line num="125" count="4" type="stmt"/>
      <line num="127" count="6" type="cond" truecount="2" falsecount="0"/>
      <line num="128" count="4" type="stmt"/>
      <line num="135" count="232" type="stmt"/>
      <line num="136" count="232" type="stmt"/>
      <line num="137" count="232" type="stmt"/>
      <line num="138" count="232" type="stmt"/>
      <line num="139" count="232" type="stmt"/>
      <line num="140" count="232" type="stmt"/>
      <line num="141" count="232" type="stmt"/>
      <line num="142" count="232" type="stmt"/>
      <line num="143" count="232" type="stmt"/>
      <line num="144" count="232" type="stmt"/>
      <line num="145" count="232" type="stmt"/>
      <line num="146" count="232" type="stmt"/>
      <line num="147" count="232" type="stmt"/>
      <line num="148" count="232" type="stmt"/>
      <line num="149" count="232" type="stmt"/>
      <line num="150" count="232" type="stmt"/>
      <line num="151" count="232" type="stmt"/>
      <line num="152" count="232" type="stmt"/>
      <line num="153" count="232" type="stmt"/>
      <line num="154" count="232" type="stmt"/>
      <line num="156" count="232" type="cond" truecount="2" falsecount="0"/>
      <line num="157" count="1" type="stmt"/>
      <line num="161" count="232" type="stmt"/>
      <line num="162" count="232" type="stmt"/>
      <line num="163" count="232" type="stmt"/>
      <line num="164" count="232" type="stmt"/>
      <line num="165" count="232" type="stmt"/>
      <line num="166" count="232" type="stmt"/>
      <line num="167" count="232" type="stmt"/>
      <line num="171" count="4" type="stmt"/>
      <line num="175" count="3" type="stmt"/>
      <line num="179" count="4" type="cond" truecount="2" falsecount="0"/>
      <line num="180" count="3" type="stmt"/>
      <line num="182" count="1" type="stmt"/>
      <line num="183" count="2" type="stmt"/>
      <line num="189" count="3" type="stmt"/>
      <line num="193" count="6" type="cond" truecount="2" falsecount="0"/>
      <line num="194" count="4" type="stmt"/>
      <line num="196" count="2" type="stmt"/>
      <line num="197" count="4" type="stmt"/>
      <line num="203" count="4" type="stmt"/>
      <line num="207" count="3" type="stmt"/>
      <line num="211" count="3" type="stmt"/>
      <line num="215" count="4" type="stmt"/>
      <line num="219" count="3" type="stmt"/>
      <line num="223" count="4" type="cond" truecount="2" falsecount="0"/>
      <line num="224" count="3" type="stmt"/>
      <line num="226" count="1" type="stmt"/>
      <line num="227" count="2" type="stmt"/>
      <line num="233" count="3" type="stmt"/>
      <line num="237" count="4" type="stmt"/>
      <line num="241" count="5" type="cond" truecount="2" falsecount="0"/>
      <line num="242" count="3" type="stmt"/>
      <line num="244" count="2" type="stmt"/>
      <line num="245" count="3" type="stmt"/>
      <line num="251" count="4" type="cond" truecount="2" falsecount="0"/>
      <line num="252" count="3" type="stmt"/>
      <line num="254" count="1" type="stmt"/>
      <line num="255" count="2" type="stmt"/>
      <line num="261" count="4" type="stmt"/>
      <line num="268" count="7" type="cond" truecount="2" falsecount="0"/>
      <line num="269" count="6" type="stmt"/>
      <line num="271" count="1" type="stmt"/>
      <line num="272" count="2" type="stmt"/>
      <line num="278" count="3" type="stmt"/>
      <line num="282" count="4" type="stmt"/>
      <line num="286" count="3" type="stmt"/>
    </file>
    <file name="response.ts" path="/Users/macbookpro/Desktop/jest-express-master/src/response.ts">
      <metrics statements="68" coveredstatements="68" conditionals="4" coveredconditionals="4" methods="19" coveredmethods="19"/>
      <line num="3" count="5" type="stmt"/>
      <line num="35" count="321" type="stmt"/>
      <line num="36" count="321" type="stmt"/>
      <line num="37" count="321" type="stmt"/>
      <line num="39" count="321" type="stmt"/>
      <line num="40" count="321" type="stmt"/>
      <line num="41" count="321" type="stmt"/>
      <line num="42" count="321" type="stmt"/>
      <line num="43" count="321" type="stmt"/>
      <line num="44" count="321" type="stmt"/>
      <line num="45" count="321" type="stmt"/>
      <line num="46" count="321" type="stmt"/>
      <line num="47" count="321" type="stmt"/>
      <line num="48" count="6" type="cond" truecount="2" falsecount="0"/>
      <line num="49" count="4" type="stmt"/>
      <line num="51" count="2" type="stmt"/>
      <line num="53" count="6" type="stmt"/>
      <line num="55" count="321" type="stmt"/>
      <line num="56" count="321" type="stmt"/>
      <line num="57" count="321" type="stmt"/>
      <line num="58" count="321" type="stmt"/>
      <line num="59" count="321" type="stmt"/>
      <line num="60" count="321" type="stmt"/>
      <line num="61" count="321" type="stmt"/>
      <line num="62" count="321" type="stmt"/>
      <line num="63" count="321" type="stmt"/>
      <line num="64" count="321" type="stmt"/>
      <line num="65" count="21" type="cond" truecount="2" falsecount="0"/>
      <line num="66" count="17" type="stmt"/>
      <line num="68" count="4" type="stmt"/>
      <line num="69" count="6" type="stmt"/>
      <line num="72" count="21" type="stmt"/>
      <line num="74" count="321" type="stmt"/>
      <line num="75" count="22" type="stmt"/>
      <line num="76" count="22" type="stmt"/>
      <line num="78" count="321" type="stmt"/>
      <line num="79" count="321" type="stmt"/>
      <line num="80" count="321" type="stmt"/>
      <line num="81" count="321" type="stmt"/>
      <line num="85" count="6" type="stmt"/>
      <line num="89" count="3" type="stmt"/>
      <line num="93" count="3" type="stmt"/>
      <line num="98" count="224" type="stmt"/>
      <line num="99" count="224" type="stmt"/>
      <line num="100" count="224" type="stmt"/>
      <line num="102" count="224" type="stmt"/>
      <line num="103" count="224" type="stmt"/>
      <line num="104" count="224" type="stmt"/>
      <line num="105" count="224" type="stmt"/>
      <line num="106" count="224" type="stmt"/>
      <line num="107" count="224" type="stmt"/>
      <line num="108" count="224" type="stmt"/>
      <line num="109" count="224" type="stmt"/>
      <line num="110" count="224" type="stmt"/>
      <line num="111" count="224" type="stmt"/>
      <line num="112" count="224" type="stmt"/>
      <line num="113" count="224" type="stmt"/>
      <line num="114" count="224" type="stmt"/>
      <line num="115" count="224" type="stmt"/>
      <line num="116" count="224" type="stmt"/>
      <line num="117" count="224" type="stmt"/>
      <line num="118" count="224" type="stmt"/>
      <line num="119" count="224" type="stmt"/>
      <line num="120" count="224" type="stmt"/>
      <line num="121" count="224" type="stmt"/>
      <line num="122" count="224" type="stmt"/>
      <line num="123" count="224" type="stmt"/>
      <line num="124" count="224" type="stmt"/>
    </file>
    <file name="router.ts" path="/Users/macbookpro/Desktop/jest-express-master/src/router.ts">
      <metrics statements="43" coveredstatements="43" conditionals="4" coveredconditionals="4" methods="11" coveredmethods="11"/>
      <line num="1" count="2" type="stmt"/>
      <line num="2" count="2" type="stmt"/>
      <line num="3" count="2" type="stmt"/>
      <line num="8" count="2" type="stmt"/>
      <line num="23" count="14" type="stmt"/>
      <line num="24" count="10" type="stmt"/>
      <line num="25" count="13" type="cond" truecount="4" falsecount="0"/>
      <line num="26" count="13" type="stmt"/>
      <line num="28" count="1" type="stmt"/>
      <line num="32" count="14" type="stmt"/>
      <line num="33" count="14" type="stmt"/>
      <line num="34" count="14" type="stmt"/>
      <line num="35" count="14" type="stmt"/>
      <line num="36" count="14" type="stmt"/>
      <line num="38" count="14" type="stmt"/>
      <line num="39" count="14" type="stmt"/>
      <line num="40" count="14" type="stmt"/>
      <line num="41" count="14" type="stmt"/>
      <line num="42" count="14" type="stmt"/>
      <line num="43" count="14" type="stmt"/>
      <line num="44" count="14" type="stmt"/>
      <line num="45" count="14" type="stmt"/>
      <line num="46" count="14" type="stmt"/>
      <line num="47" count="14" type="stmt"/>
      <line num="48" count="14" type="stmt"/>
      <line num="59" count="14" type="stmt"/>
      <line num="63" count="5" type="stmt"/>
      <line num="65" count="1" type="stmt"/>
      <line num="66" count="1" type="stmt"/>
      <line num="69" count="1" type="stmt"/>
      <line num="70" count="1" type="stmt"/>
      <line num="73" count="1" type="stmt"/>
      <line num="74" count="1" type="stmt"/>
      <line num="77" count="1" type="stmt"/>
      <line num="78" count="1" type="stmt"/>
      <line num="81" count="1" type="stmt"/>
      <line num="82" count="1" type="stmt"/>
      <line num="86" count="14" type="stmt"/>
      <line num="90" count="13" type="stmt"/>
      <line num="91" count="13" type="stmt"/>
      <line num="92" count="13" type="stmt"/>
      <line num="93" count="13" type="stmt"/>
      <line num="94" count="13" type="stmt"/>
    </file>
  </project>
</coverage>
