{"/Users/macbookpro/Desktop/jest-express-master/src/application.ts": {"path":"/Users/macbookpro/Desktop/jest-express-master/src/application.ts","statementMap":{"0":{"start":{"line":10,"column":4},"end":{"line":10,"column":26}},"1":{"start":{"line":11,"column":4},"end":{"line":11,"column":32}},"2":{"start":{"line":12,"column":4},"end":{"line":12,"column":27}},"3":{"start":{"line":13,"column":4},"end":{"line":13,"column":32}},"4":{"start":{"line":14,"column":4},"end":{"line":14,"column":16}},"5":{"start":{"line":18,"column":4},"end":{"line":18,"column":26}},"6":{"start":{"line":19,"column":4},"end":{"line":19,"column":32}},"7":{"start":{"line":20,"column":4},"end":{"line":20,"column":27}},"8":{"start":{"line":21,"column":4},"end":{"line":21,"column":32}},"9":{"start":{"line":3,"column":0},"end":{"line":3,"column":13}}},"fnMap":{"0":{"name":"(anonymous_0)","decl":{"start":{"line":9,"column":2},"end":{"line":9,"column":null}},"loc":{"start":{"line":9,"column":2},"end":{"line":15,"column":3}}},"1":{"name":"(anonymous_1)","decl":{"start":{"line":17,"column":9},"end":{"line":17,"column":20}},"loc":{"start":{"line":17,"column":20},"end":{"line":22,"column":3}}}},"branchMap":{},"s":{"0":11,"1":11,"2":11,"3":11,"4":11,"5":12,"6":12,"7":12,"8":12,"9":2},"f":{"0":11,"1":12},"b":{}}
,"/Users/macbookpro/Desktop/jest-express-master/src/express.ts": {"path":"/Users/macbookpro/Desktop/jest-express-master/src/express.ts","statementMap":{"0":{"start":{"line":1,"column":0},"end":{"line":1,"column":44}},"1":{"start":{"line":2,"column":0},"end":{"line":2,"column":36}},"2":{"start":{"line":3,"column":0},"end":{"line":3,"column":38}},"3":{"start":{"line":44,"column":4},"end":{"line":44,"column":52}},"4":{"start":{"line":45,"column":4},"end":{"line":45,"column":35}},"5":{"start":{"line":46,"column":4},"end":{"line":46,"column":21}},"6":{"start":{"line":48,"column":4},"end":{"line":48,"column":21}},"7":{"start":{"line":49,"column":4},"end":{"line":49,"column":20}},"8":{"start":{"line":50,"column":4},"end":{"line":50,"column":24}},"9":{"start":{"line":51,"column":4},"end":{"line":51,"column":22}},"10":{"start":{"line":53,"column":4},"end":{"line":53,"column":25}},"11":{"start":{"line":54,"column":4},"end":{"line":54,"column":28}},"12":{"start":{"line":55,"column":4},"end":{"line":57,"column":7}},"13":{"start":{"line":56,"column":6},"end":{"line":56,"column":32}},"14":{"start":{"line":58,"column":4},"end":{"line":60,"column":7}},"15":{"start":{"line":59,"column":6},"end":{"line":59,"column":41}},"16":{"start":{"line":61,"column":4},"end":{"line":63,"column":7}},"17":{"start":{"line":62,"column":6},"end":{"line":62,"column":31}},"18":{"start":{"line":64,"column":4},"end":{"line":66,"column":7}},"19":{"start":{"line":65,"column":6},"end":{"line":65,"column":40}},"20":{"start":{"line":67,"column":4},"end":{"line":67,"column":28}},"21":{"start":{"line":69,"column":4},"end":{"line":69,"column":28}},"22":{"start":{"line":70,"column":4},"end":{"line":70,"column":26}},"23":{"start":{"line":71,"column":4},"end":{"line":71,"column":26}},"24":{"start":{"line":72,"column":4},"end":{"line":72,"column":25}},"25":{"start":{"line":73,"column":4},"end":{"line":73,"column":29}},"26":{"start":{"line":74,"column":4},"end":{"line":74,"column":29}},"27":{"start":{"line":75,"column":4},"end":{"line":75,"column":27}},"28":{"start":{"line":76,"column":4},"end":{"line":76,"column":27}},"29":{"start":{"line":77,"column":4},"end":{"line":77,"column":27}},"30":{"start":{"line":79,"column":4},"end":{"line":79,"column":26}},"31":{"start":{"line":81,"column":4},"end":{"line":81,"column":28}},"32":{"start":{"line":82,"column":4},"end":{"line":90,"column":7}},"33":{"start":{"line":83,"column":6},"end":{"line":85,"column":null}},"34":{"start":{"line":84,"column":8},"end":{"line":84,"column":60}},"35":{"start":{"line":86,"column":6},"end":{"line":88,"column":null}},"36":{"start":{"line":87,"column":8},"end":{"line":87,"column":72}},"37":{"start":{"line":89,"column":6},"end":{"line":89,"column":13}},"38":{"start":{"line":91,"column":4},"end":{"line":102,"column":7}},"39":{"start":{"line":92,"column":6},"end":{"line":94,"column":null}},"40":{"start":{"line":93,"column":8},"end":{"line":93,"column":34}},"41":{"start":{"line":95,"column":24},"end":{"line":95,"column":56}},"42":{"start":{"line":96,"column":6},"end":{"line":100,"column":null}},"43":{"start":{"line":96,"column":67},"end":{"line":96,"column":91}},"44":{"start":{"line":97,"column":8},"end":{"line":99,"column":72}},"45":{"start":{"line":99,"column":39},"end":{"line":99,"column":70}},"46":{"start":{"line":101,"column":6},"end":{"line":101,"column":47}},"47":{"start":{"line":104,"column":4},"end":{"line":111,"column":7}},"48":{"start":{"line":105,"column":6},"end":{"line":110,"column":8}},"49":{"start":{"line":113,"column":4},"end":{"line":115,"column":7}},"50":{"start":{"line":114,"column":6},"end":{"line":114,"column":32}},"51":{"start":{"line":116,"column":4},"end":{"line":116,"column":16}},"52":{"start":{"line":120,"column":4},"end":{"line":120,"column":27}},"53":{"start":{"line":124,"column":4},"end":{"line":124,"column":29}},"54":{"start":{"line":128,"column":4},"end":{"line":128,"column":28}},"55":{"start":{"line":133,"column":4},"end":{"line":133,"column":21}},"56":{"start":{"line":134,"column":4},"end":{"line":134,"column":20}},"57":{"start":{"line":135,"column":4},"end":{"line":135,"column":24}},"58":{"start":{"line":137,"column":4},"end":{"line":137,"column":25}},"59":{"start":{"line":138,"column":4},"end":{"line":138,"column":28}},"60":{"start":{"line":139,"column":4},"end":{"line":139,"column":29}},"61":{"start":{"line":140,"column":4},"end":{"line":140,"column":30}},"62":{"start":{"line":141,"column":4},"end":{"line":141,"column":28}},"63":{"start":{"line":142,"column":4},"end":{"line":142,"column":29}},"64":{"start":{"line":143,"column":4},"end":{"line":143,"column":28}},"65":{"start":{"line":144,"column":4},"end":{"line":144,"column":28}},"66":{"start":{"line":145,"column":4},"end":{"line":145,"column":26}},"67":{"start":{"line":146,"column":4},"end":{"line":146,"column":26}},"68":{"start":{"line":147,"column":4},"end":{"line":147,"column":25}},"69":{"start":{"line":148,"column":4},"end":{"line":148,"column":29}},"70":{"start":{"line":149,"column":4},"end":{"line":149,"column":29}},"71":{"start":{"line":150,"column":4},"end":{"line":150,"column":27}},"72":{"start":{"line":151,"column":4},"end":{"line":151,"column":27}},"73":{"start":{"line":152,"column":4},"end":{"line":152,"column":27}},"74":{"start":{"line":153,"column":4},"end":{"line":153,"column":26}},"75":{"start":{"line":154,"column":4},"end":{"line":154,"column":28}},"76":{"start":{"line":155,"column":4},"end":{"line":155,"column":25}},"77":{"start":{"line":156,"column":4},"end":{"line":156,"column":25}},"78":{"start":{"line":157,"column":4},"end":{"line":157,"column":27}},"79":{"start":{"line":158,"column":4},"end":{"line":158,"column":25}},"80":{"start":{"line":160,"column":4},"end":{"line":160,"column":31}},"81":{"start":{"line":161,"column":4},"end":{"line":161,"column":32}},"82":{"start":{"line":162,"column":4},"end":{"line":162,"column":26}},"83":{"start":{"line":164,"column":4},"end":{"line":164,"column":22}},"84":{"start":{"line":8,"column":0},"end":{"line":8,"column":13}}},"fnMap":{"0":{"name":"(anonymous_0)","decl":{"start":{"line":43,"column":2},"end":{"line":43,"column":null}},"loc":{"start":{"line":43,"column":2},"end":{"line":117,"column":3}}},"1":{"name":"(anonymous_1)","decl":{"start":{"line":55,"column":27},"end":{"line":55,"column":28}},"loc":{"start":{"line":55,"column":40},"end":{"line":57,"column":5}}},"2":{"name":"(anonymous_2)","decl":{"start":{"line":58,"column":28},"end":{"line":58,"column":29}},"loc":{"start":{"line":58,"column":41},"end":{"line":60,"column":5}}},"3":{"name":"(anonymous_3)","decl":{"start":{"line":61,"column":26},"end":{"line":61,"column":27}},"loc":{"start":{"line":61,"column":39},"end":{"line":63,"column":5}}},"4":{"name":"(anonymous_4)","decl":{"start":{"line":64,"column":27},"end":{"line":64,"column":28}},"loc":{"start":{"line":64,"column":40},"end":{"line":66,"column":5}}},"5":{"name":"(anonymous_5)","decl":{"start":{"line":82,"column":23},"end":{"line":82,"column":24}},"loc":{"start":{"line":82,"column":37},"end":{"line":90,"column":5}}},"6":{"name":"(anonymous_6)","decl":{"start":{"line":91,"column":23},"end":{"line":91,"column":24}},"loc":{"start":{"line":91,"column":56},"end":{"line":102,"column":5}}},"7":{"name":"(anonymous_7)","decl":{"start":{"line":96,"column":54},"end":{"line":96,"column":55}},"loc":{"start":{"line":96,"column":67},"end":{"line":96,"column":91}}},"8":{"name":"(anonymous_8)","decl":{"start":{"line":99,"column":26},"end":{"line":99,"column":27}},"loc":{"start":{"line":99,"column":39},"end":{"line":99,"column":70}}},"9":{"name":"(anonymous_9)","decl":{"start":{"line":104,"column":25},"end":{"line":104,"column":28}},"loc":{"start":{"line":104,"column":30},"end":{"line":111,"column":5}}},"10":{"name":"(anonymous_10)","decl":{"start":{"line":113,"column":23},"end":{"line":113,"column":24}},"loc":{"start":{"line":113,"column":48},"end":{"line":115,"column":5}}},"11":{"name":"(anonymous_11)","decl":{"start":{"line":119,"column":9},"end":{"line":119,"column":21}},"loc":{"start":{"line":119,"column":35},"end":{"line":121,"column":3}}},"12":{"name":"(anonymous_12)","decl":{"start":{"line":123,"column":9},"end":{"line":123,"column":18}},"loc":{"start":{"line":123,"column":45},"end":{"line":125,"column":3}}},"13":{"name":"(anonymous_13)","decl":{"start":{"line":127,"column":9},"end":{"line":127,"column":17}},"loc":{"start":{"line":127,"column":44},"end":{"line":129,"column":3}}},"14":{"name":"(anonymous_14)","decl":{"start":{"line":131,"column":9},"end":{"line":131,"column":20}},"loc":{"start":{"line":131,"column":20},"end":{"line":165,"column":3}}}},"branchMap":{"0":{"loc":{"start":{"line":83,"column":6},"end":{"line":85,"column":null}},"type":"if","locations":[{"start":{"line":83,"column":6},"end":{"line":85,"column":null}},{"start":{"line":83,"column":6},"end":{"line":85,"column":null}}]},"1":{"loc":{"start":{"line":83,"column":10},"end":{"line":83,"column":36}},"type":"binary-expr","locations":[{"start":{"line":83,"column":10},"end":{"line":83,"column":36}},{"start":{"line":83,"column":40},"end":{"line":83,"column":57}}]},"2":{"loc":{"start":{"line":86,"column":6},"end":{"line":88,"column":null}},"type":"if","locations":[{"start":{"line":86,"column":6},"end":{"line":88,"column":null}},{"start":{"line":86,"column":6},"end":{"line":88,"column":null}}]},"3":{"loc":{"start":{"line":86,"column":10},"end":{"line":86,"column":36}},"type":"binary-expr","locations":[{"start":{"line":86,"column":10},"end":{"line":86,"column":36}},{"start":{"line":86,"column":40},"end":{"line":86,"column":57}}]},"4":{"loc":{"start":{"line":92,"column":6},"end":{"line":94,"column":null}},"type":"if","locations":[{"start":{"line":92,"column":6},"end":{"line":94,"column":null}},{"start":{"line":92,"column":6},"end":{"line":94,"column":null}}]},"5":{"loc":{"start":{"line":92,"column":10},"end":{"line":92,"column":34}},"type":"binary-expr","locations":[{"start":{"line":92,"column":10},"end":{"line":92,"column":34}},{"start":{"line":92,"column":38},"end":{"line":92,"column":60}}]},"6":{"loc":{"start":{"line":96,"column":6},"end":{"line":100,"column":null}},"type":"if","locations":[{"start":{"line":96,"column":6},"end":{"line":100,"column":null}},{"start":{"line":96,"column":6},"end":{"line":100,"column":null}}]},"7":{"loc":{"start":{"line":96,"column":10},"end":{"line":96,"column":34}},"type":"binary-expr","locations":[{"start":{"line":96,"column":10},"end":{"line":96,"column":34}},{"start":{"line":96,"column":38},"end":{"line":96,"column":92}}]},"8":{"loc":{"start":{"line":98,"column":10},"end":{"line":98,"column":51}},"type":"cond-expr","locations":[{"start":{"line":98,"column":10},"end":{"line":98,"column":51}},{"start":{"line":99,"column":12},"end":{"line":99,"column":71}}]}},"s":{"0":4,"1":4,"2":4,"3":204,"4":204,"5":204,"6":204,"7":204,"8":204,"9":204,"10":204,"11":204,"12":204,"13":4,"14":204,"15":1,"16":204,"17":4,"18":204,"19":1,"20":204,"21":204,"22":204,"23":204,"24":204,"25":204,"26":204,"27":204,"28":204,"29":204,"30":204,"31":204,"32":204,"33":3,"34":1,"35":2,"36":1,"37":1,"38":204,"39":12,"40":5,"41":7,"42":7,"43":10,"44":6,"45":7,"46":1,"47":204,"48":4,"49":204,"50":12,"51":204,"52":3,"53":3,"54":3,"55":94,"56":94,"57":94,"58":94,"59":94,"60":94,"61":94,"62":94,"63":94,"64":94,"65":94,"66":94,"67":94,"68":94,"69":94,"70":94,"71":94,"72":94,"73":94,"74":94,"75":94,"76":94,"77":94,"78":94,"79":94,"80":94,"81":94,"82":94,"83":94,"84":4},"f":{"0":204,"1":4,"2":1,"3":4,"4":1,"5":3,"6":12,"7":10,"8":7,"9":4,"10":12,"11":3,"12":3,"13":3,"14":94},"b":{"0":[1,2],"1":[3,2],"2":[1,1],"3":[2,1],"4":[5,7],"5":[12,11],"6":[6,1],"7":[7,6],"8":[3,3]}}
,"/Users/macbookpro/Desktop/jest-express-master/src/index.ts": {"path":"/Users/macbookpro/Desktop/jest-express-master/src/index.ts","statementMap":{"0":{"start":{"line":1,"column":0},"end":{"line":1,"column":44}},"1":{"start":{"line":2,"column":0},"end":{"line":2,"column":36}},"2":{"start":{"line":3,"column":0},"end":{"line":3,"column":30}},"3":{"start":{"line":4,"column":0},"end":{"line":4,"column":36}},"4":{"start":{"line":5,"column":0},"end":{"line":5,"column":38}},"5":{"start":{"line":6,"column":0},"end":{"line":6,"column":34}},"6":{"start":{"line":11,"column":0},"end":{"line":11,"column":45}},"7":{"start":{"line":17,"column":2},"end":{"line":17,"column":23}},"8":{"start":{"line":23,"column":0},"end":{"line":23,"column":26}},"9":{"start":{"line":24,"column":0},"end":{"line":24,"column":28}},"10":{"start":{"line":25,"column":0},"end":{"line":25,"column":26}},"11":{"start":{"line":26,"column":0},"end":{"line":26,"column":20}},"12":{"start":{"line":27,"column":0},"end":{"line":27,"column":36}},"13":{"start":{"line":27,"column":23},"end":{"line":27,"column":35}},"14":{"start":{"line":32,"column":20},"end":{"line":32,"column":37}},"15":{"start":{"line":33,"column":0},"end":{"line":33,"column":32}},"16":{"start":{"line":34,"column":0},"end":{"line":34,"column":34}},"17":{"start":{"line":35,"column":0},"end":{"line":35,"column":40}},"18":{"start":{"line":36,"column":0},"end":{"line":36,"column":44}},"19":{"start":{"line":37,"column":0},"end":{"line":37,"column":46}}},"fnMap":{"0":{"name":"createApplication","decl":{"start":{"line":16,"column":9},"end":{"line":16,"column":26}},"loc":{"start":{"line":16,"column":26},"end":{"line":18,"column":1}}},"1":{"name":"(anonymous_1)","decl":{"start":{"line":27,"column":17},"end":{"line":27,"column":20}},"loc":{"start":{"line":27,"column":23},"end":{"line":27,"column":35}}}},"branchMap":{},"s":{"0":1,"1":1,"2":1,"3":1,"4":1,"5":1,"6":1,"7":1,"8":1,"9":1,"10":1,"11":1,"12":1,"13":1,"14":1,"15":1,"16":1,"17":1,"18":1,"19":1},"f":{"0":1,"1":1},"b":{}}
,"/Users/macbookpro/Desktop/jest-express-master/src/next.ts": {"path":"/Users/macbookpro/Desktop/jest-express-master/src/next.ts","statementMap":{"0":{"start":{"line":13,"column":13},"end":{"line":13,"column":44}}},"fnMap":{},"branchMap":{},"s":{"0":5},"f":{},"b":{}}
,"/Users/macbookpro/Desktop/jest-express-master/src/request.ts": {"path":"/Users/macbookpro/Desktop/jest-express-master/src/request.ts","statementMap":{"0":{"start":{"line":1,"column":0},"end":{"line":1,"column":28}},"1":{"start":{"line":2,"column":0},"end":{"line":2,"column":36}},"2":{"start":{"line":58,"column":4},"end":{"line":58,"column":22}},"3":{"start":{"line":59,"column":4},"end":{"line":59,"column":19}},"4":{"start":{"line":60,"column":4},"end":{"line":60,"column":22}},"5":{"start":{"line":61,"column":4},"end":{"line":61,"column":23}},"6":{"start":{"line":62,"column":4},"end":{"line":62,"column":22}},"7":{"start":{"line":63,"column":4},"end":{"line":63,"column":23}},"8":{"start":{"line":64,"column":4},"end":{"line":64,"column":20}},"9":{"start":{"line":65,"column":4},"end":{"line":65,"column":18}},"10":{"start":{"line":66,"column":4},"end":{"line":66,"column":24}},"11":{"start":{"line":67,"column":4},"end":{"line":67,"column":26}},"12":{"start":{"line":68,"column":4},"end":{"line":68,"column":21}},"13":{"start":{"line":69,"column":4},"end":{"line":69,"column":19}},"14":{"start":{"line":70,"column":4},"end":{"line":70,"column":27}},"15":{"start":{"line":71,"column":4},"end":{"line":71,"column":20}},"16":{"start":{"line":72,"column":4},"end":{"line":72,"column":20}},"17":{"start":{"line":73,"column":4},"end":{"line":73,"column":24}},"18":{"start":{"line":74,"column":4},"end":{"line":74,"column":28}},"19":{"start":{"line":75,"column":4},"end":{"line":75,"column":23}},"20":{"start":{"line":76,"column":4},"end":{"line":76,"column":25}},"21":{"start":{"line":77,"column":4},"end":{"line":77,"column":21}},"22":{"start":{"line":79,"column":4},"end":{"line":79,"column":29}},"23":{"start":{"line":80,"column":4},"end":{"line":80,"column":37}},"24":{"start":{"line":81,"column":4},"end":{"line":81,"column":38}},"25":{"start":{"line":82,"column":4},"end":{"line":82,"column":38}},"26":{"start":{"line":83,"column":4},"end":{"line":85,"column":68}},"27":{"start":{"line":85,"column":46},"end":{"line":85,"column":66}},"28":{"start":{"line":86,"column":4},"end":{"line":86,"column":24}},"29":{"start":{"line":87,"column":4},"end":{"line":87,"column":27}},"30":{"start":{"line":89,"column":4},"end":{"line":89,"column":68}},"31":{"start":{"line":91,"column":4},"end":{"line":95,"column":null}},"32":{"start":{"line":92,"column":6},"end":{"line":92,"column":28}},"33":{"start":{"line":93,"column":6},"end":{"line":93,"column":36}},"34":{"start":{"line":94,"column":6},"end":{"line":94,"column":56}},"35":{"start":{"line":97,"column":4},"end":{"line":97,"column":16}},"36":{"start":{"line":101,"column":22},"end":{"line":101,"column":38}},"37":{"start":{"line":103,"column":4},"end":{"line":103,"column":42}},"38":{"start":{"line":104,"column":4},"end":{"line":104,"column":45}},"39":{"start":{"line":105,"column":4},"end":{"line":105,"column":60}},"40":{"start":{"line":106,"column":4},"end":{"line":106,"column":33}},"41":{"start":{"line":107,"column":4},"end":{"line":109,"column":15}},"42":{"start":{"line":110,"column":4},"end":{"line":110,"column":50}},"43":{"start":{"line":112,"column":26},"end":{"line":112,"column":50}},"44":{"start":{"line":113,"column":4},"end":{"line":115,"column":null}},"45":{"start":{"line":114,"column":6},"end":{"line":114,"column":73}},"46":{"start":{"line":117,"column":4},"end":{"line":130,"column":null}},"47":{"start":{"line":118,"column":6},"end":{"line":126,"column":null}},"48":{"start":{"line":119,"column":29},"end":{"line":119,"column":31}},"49":{"start":{"line":120,"column":8},"end":{"line":123,"column":null}},"50":{"start":{"line":121,"column":22},"end":{"line":121,"column":37}},"51":{"start":{"line":122,"column":10},"end":{"line":122,"column":44}},"52":{"start":{"line":125,"column":8},"end":{"line":125,"column":50}},"53":{"start":{"line":127,"column":6},"end":{"line":129,"column":null}},"54":{"start":{"line":128,"column":8},"end":{"line":128,"column":37}},"55":{"start":{"line":135,"column":4},"end":{"line":135,"column":22}},"56":{"start":{"line":136,"column":4},"end":{"line":136,"column":19}},"57":{"start":{"line":137,"column":4},"end":{"line":137,"column":22}},"58":{"start":{"line":138,"column":4},"end":{"line":138,"column":23}},"59":{"start":{"line":139,"column":4},"end":{"line":139,"column":22}},"60":{"start":{"line":140,"column":4},"end":{"line":140,"column":23}},"61":{"start":{"line":141,"column":4},"end":{"line":141,"column":20}},"62":{"start":{"line":142,"column":4},"end":{"line":142,"column":18}},"63":{"start":{"line":143,"column":4},"end":{"line":143,"column":24}},"64":{"start":{"line":144,"column":4},"end":{"line":144,"column":26}},"65":{"start":{"line":145,"column":4},"end":{"line":145,"column":21}},"66":{"start":{"line":146,"column":4},"end":{"line":146,"column":19}},"67":{"start":{"line":147,"column":4},"end":{"line":147,"column":27}},"68":{"start":{"line":148,"column":4},"end":{"line":148,"column":20}},"69":{"start":{"line":149,"column":4},"end":{"line":149,"column":20}},"70":{"start":{"line":150,"column":4},"end":{"line":150,"column":24}},"71":{"start":{"line":151,"column":4},"end":{"line":151,"column":28}},"72":{"start":{"line":152,"column":4},"end":{"line":152,"column":23}},"73":{"start":{"line":153,"column":4},"end":{"line":153,"column":25}},"74":{"start":{"line":154,"column":4},"end":{"line":154,"column":21}},"75":{"start":{"line":156,"column":4},"end":{"line":158,"column":null}},"76":{"start":{"line":157,"column":6},"end":{"line":157,"column":56}},"77":{"start":{"line":161,"column":4},"end":{"line":161,"column":29}},"78":{"start":{"line":162,"column":4},"end":{"line":162,"column":37}},"79":{"start":{"line":163,"column":4},"end":{"line":163,"column":38}},"80":{"start":{"line":164,"column":4},"end":{"line":164,"column":38}},"81":{"start":{"line":165,"column":4},"end":{"line":165,"column":25}},"82":{"start":{"line":166,"column":4},"end":{"line":166,"column":24}},"83":{"start":{"line":167,"column":4},"end":{"line":167,"column":27}},"84":{"start":{"line":171,"column":4},"end":{"line":171,"column":25}},"85":{"start":{"line":175,"column":4},"end":{"line":175,"column":22}},"86":{"start":{"line":179,"column":4},"end":{"line":185,"column":null}},"87":{"start":{"line":180,"column":6},"end":{"line":180,"column":32}},"88":{"start":{"line":182,"column":6},"end":{"line":184,"column":null}},"89":{"start":{"line":183,"column":8},"end":{"line":183,"column":33}},"90":{"start":{"line":189,"column":4},"end":{"line":189,"column":23}},"91":{"start":{"line":193,"column":4},"end":{"line":199,"column":null}},"92":{"start":{"line":194,"column":6},"end":{"line":194,"column":46}},"93":{"start":{"line":196,"column":6},"end":{"line":198,"column":null}},"94":{"start":{"line":197,"column":8},"end":{"line":197,"column":47}},"95":{"start":{"line":203,"column":4},"end":{"line":203,"column":26}},"96":{"start":{"line":207,"column":4},"end":{"line":207,"column":20}},"97":{"start":{"line":211,"column":4},"end":{"line":211,"column":25}},"98":{"start":{"line":215,"column":4},"end":{"line":215,"column":24}},"99":{"start":{"line":219,"column":4},"end":{"line":219,"column":29}},"100":{"start":{"line":223,"column":4},"end":{"line":229,"column":null}},"101":{"start":{"line":224,"column":6},"end":{"line":224,"column":31}},"102":{"start":{"line":226,"column":6},"end":{"line":228,"column":null}},"103":{"start":{"line":227,"column":8},"end":{"line":227,"column":32}},"104":{"start":{"line":233,"column":4},"end":{"line":233,"column":22}},"105":{"start":{"line":237,"column":4},"end":{"line":237,"column":26}},"106":{"start":{"line":241,"column":4},"end":{"line":247,"column":null}},"107":{"start":{"line":242,"column":6},"end":{"line":242,"column":30}},"108":{"start":{"line":244,"column":6},"end":{"line":246,"column":null}},"109":{"start":{"line":245,"column":8},"end":{"line":245,"column":31}},"110":{"start":{"line":251,"column":4},"end":{"line":257,"column":null}},"111":{"start":{"line":252,"column":6},"end":{"line":252,"column":30}},"112":{"start":{"line":254,"column":6},"end":{"line":256,"column":null}},"113":{"start":{"line":255,"column":8},"end":{"line":255,"column":31}},"114":{"start":{"line":261,"column":4},"end":{"line":261,"column":24}},"115":{"start":{"line":268,"column":4},"end":{"line":274,"column":null}},"116":{"start":{"line":269,"column":6},"end":{"line":269,"column":38}},"117":{"start":{"line":271,"column":6},"end":{"line":273,"column":null}},"118":{"start":{"line":272,"column":8},"end":{"line":272,"column":39}},"119":{"start":{"line":278,"column":4},"end":{"line":278,"column":23}},"120":{"start":{"line":282,"column":4},"end":{"line":282,"column":32}},"121":{"start":{"line":286,"column":4},"end":{"line":286,"column":21}},"122":{"start":{"line":20,"column":0},"end":{"line":20,"column":13}}},"fnMap":{"0":{"name":"(anonymous_0)","decl":{"start":{"line":56,"column":2},"end":{"line":56,"column":14}},"loc":{"start":{"line":56,"column":60},"end":{"line":98,"column":3}}},"1":{"name":"(anonymous_1)","decl":{"start":{"line":85,"column":26},"end":{"line":85,"column":27}},"loc":{"start":{"line":85,"column":46},"end":{"line":85,"column":66}}},"2":{"name":"(anonymous_2)","decl":{"start":{"line":100,"column":9},"end":{"line":100,"column":15}},"loc":{"start":{"line":100,"column":54},"end":{"line":131,"column":3}}},"3":{"name":"(anonymous_3)","decl":{"start":{"line":133,"column":9},"end":{"line":133,"column":20}},"loc":{"start":{"line":133,"column":20},"end":{"line":168,"column":3}}},"4":{"name":"(anonymous_4)","decl":{"start":{"line":170,"column":9},"end":{"line":170,"column":19}},"loc":{"start":{"line":170,"column":33},"end":{"line":172,"column":3}}},"5":{"name":"(anonymous_5)","decl":{"start":{"line":174,"column":9},"end":{"line":174,"column":16}},"loc":{"start":{"line":174,"column":30},"end":{"line":176,"column":3}}},"6":{"name":"(anonymous_6)","decl":{"start":{"line":178,"column":9},"end":{"line":178,"column":19}},"loc":{"start":{"line":178,"column":75},"end":{"line":186,"column":3}}},"7":{"name":"(anonymous_7)","decl":{"start":{"line":188,"column":9},"end":{"line":188,"column":17}},"loc":{"start":{"line":188,"column":32},"end":{"line":190,"column":3}}},"8":{"name":"(anonymous_8)","decl":{"start":{"line":192,"column":9},"end":{"line":192,"column":19}},"loc":{"start":{"line":192,"column":75},"end":{"line":200,"column":3}}},"9":{"name":"(anonymous_9)","decl":{"start":{"line":202,"column":9},"end":{"line":202,"column":20}},"loc":{"start":{"line":202,"column":34},"end":{"line":204,"column":3}}},"10":{"name":"(anonymous_10)","decl":{"start":{"line":206,"column":9},"end":{"line":206,"column":14}},"loc":{"start":{"line":206,"column":28},"end":{"line":208,"column":3}}},"11":{"name":"(anonymous_11)","decl":{"start":{"line":210,"column":9},"end":{"line":210,"column":15}},"loc":{"start":{"line":210,"column":29},"end":{"line":212,"column":3}}},"12":{"name":"(anonymous_12)","decl":{"start":{"line":214,"column":9},"end":{"line":214,"column":18}},"loc":{"start":{"line":214,"column":32},"end":{"line":216,"column":3}}},"13":{"name":"(anonymous_13)","decl":{"start":{"line":218,"column":9},"end":{"line":218,"column":23}},"loc":{"start":{"line":218,"column":37},"end":{"line":220,"column":3}}},"14":{"name":"(anonymous_14)","decl":{"start":{"line":222,"column":9},"end":{"line":222,"column":18}},"loc":{"start":{"line":222,"column":74},"end":{"line":230,"column":3}}},"15":{"name":"(anonymous_15)","decl":{"start":{"line":232,"column":9},"end":{"line":232,"column":16}},"loc":{"start":{"line":232,"column":30},"end":{"line":234,"column":3}}},"16":{"name":"(anonymous_16)","decl":{"start":{"line":236,"column":9},"end":{"line":236,"column":20}},"loc":{"start":{"line":236,"column":34},"end":{"line":238,"column":3}}},"17":{"name":"(anonymous_17)","decl":{"start":{"line":240,"column":9},"end":{"line":240,"column":17}},"loc":{"start":{"line":240,"column":73},"end":{"line":248,"column":3}}},"18":{"name":"(anonymous_18)","decl":{"start":{"line":250,"column":9},"end":{"line":250,"column":17}},"loc":{"start":{"line":250,"column":73},"end":{"line":258,"column":3}}},"19":{"name":"(anonymous_19)","decl":{"start":{"line":260,"column":9},"end":{"line":260,"column":18}},"loc":{"start":{"line":260,"column":33},"end":{"line":262,"column":3}}},"20":{"name":"(anonymous_20)","decl":{"start":{"line":264,"column":9},"end":{"line":264,"column":25}},"loc":{"start":{"line":266,"column":18},"end":{"line":275,"column":3}}},"21":{"name":"(anonymous_21)","decl":{"start":{"line":277,"column":9},"end":{"line":277,"column":17}},"loc":{"start":{"line":277,"column":32},"end":{"line":279,"column":3}}},"22":{"name":"(anonymous_22)","decl":{"start":{"line":281,"column":9},"end":{"line":281,"column":22}},"loc":{"start":{"line":281,"column":36},"end":{"line":283,"column":3}}},"23":{"name":"(anonymous_23)","decl":{"start":{"line":285,"column":9},"end":{"line":285,"column":15}},"loc":{"start":{"line":285,"column":30},"end":{"line":287,"column":3}}}},"branchMap":{"0":{"loc":{"start":{"line":89,"column":40},"end":{"line":89,"column":51}},"type":"cond-expr","locations":[{"start":{"line":89,"column":40},"end":{"line":89,"column":51}},{"start":{"line":89,"column":54},"end":{"line":89,"column":67}}]},"1":{"loc":{"start":{"line":89,"column":15},"end":{"line":89,"column":22}},"type":"binary-expr","locations":[{"start":{"line":89,"column":15},"end":{"line":89,"column":22}},{"start":{"line":89,"column":26},"end":{"line":89,"column":37}}]},"2":{"loc":{"start":{"line":91,"column":4},"end":{"line":95,"column":null}},"type":"if","locations":[{"start":{"line":91,"column":4},"end":{"line":95,"column":null}},{"start":{"line":91,"column":4},"end":{"line":95,"column":null}}]},"3":{"loc":{"start":{"line":103,"column":16},"end":{"line":103,"column":34}},"type":"binary-expr","locations":[{"start":{"line":103,"column":16},"end":{"line":103,"column":34}},{"start":{"line":103,"column":38},"end":{"line":103,"column":41}}]},"4":{"loc":{"start":{"line":104,"column":20},"end":{"line":104,"column":38}},"type":"binary-expr","locations":[{"start":{"line":104,"column":20},"end":{"line":104,"column":38}},{"start":{"line":104,"column":42},"end":{"line":104,"column":44}}]},"5":{"loc":{"start":{"line":105,"column":36},"end":{"line":105,"column":52}},"type":"binary-expr","locations":[{"start":{"line":105,"column":36},"end":{"line":105,"column":52}},{"start":{"line":105,"column":56},"end":{"line":105,"column":58}}]},"6":{"loc":{"start":{"line":108,"column":8},"end":{"line":108,"column":66}},"type":"cond-expr","locations":[{"start":{"line":108,"column":8},"end":{"line":108,"column":66}},{"start":{"line":109,"column":8},"end":{"line":109,"column":14}}]},"7":{"loc":{"start":{"line":113,"column":4},"end":{"line":115,"column":null}},"type":"if","locations":[{"start":{"line":113,"column":4},"end":{"line":115,"column":null}},{"start":{"line":113,"column":4},"end":{"line":115,"column":null}}]},"8":{"loc":{"start":{"line":117,"column":4},"end":{"line":130,"column":null}},"type":"if","locations":[{"start":{"line":117,"column":4},"end":{"line":130,"column":null}},{"start":{"line":117,"column":4},"end":{"line":130,"column":null}}]},"9":{"loc":{"start":{"line":118,"column":6},"end":{"line":126,"column":null}},"type":"if","locations":[{"start":{"line":118,"column":6},"end":{"line":126,"column":null}},{"start":{"line":118,"column":6},"end":{"line":126,"column":null}}]},"10":{"loc":{"start":{"line":127,"column":6},"end":{"line":129,"column":null}},"type":"if","locations":[{"start":{"line":127,"column":6},"end":{"line":129,"column":null}},{"start":{"line":127,"column":6},"end":{"line":129,"column":null}}]},"11":{"loc":{"start":{"line":156,"column":4},"end":{"line":158,"column":null}},"type":"if","locations":[{"start":{"line":156,"column":4},"end":{"line":158,"column":null}},{"start":{"line":156,"column":4},"end":{"line":158,"column":null}}]},"12":{"loc":{"start":{"line":179,"column":4},"end":{"line":185,"column":null}},"type":"if","locations":[{"start":{"line":179,"column":4},"end":{"line":185,"column":null}},{"start":{"line":179,"column":4},"end":{"line":185,"column":null}}]},"13":{"loc":{"start":{"line":193,"column":4},"end":{"line":199,"column":null}},"type":"if","locations":[{"start":{"line":193,"column":4},"end":{"line":199,"column":null}},{"start":{"line":193,"column":4},"end":{"line":199,"column":null}}]},"14":{"loc":{"start":{"line":223,"column":4},"end":{"line":229,"column":null}},"type":"if","locations":[{"start":{"line":223,"column":4},"end":{"line":229,"column":null}},{"start":{"line":223,"column":4},"end":{"line":229,"column":null}}]},"15":{"loc":{"start":{"line":241,"column":4},"end":{"line":247,"column":null}},"type":"if","locations":[{"start":{"line":241,"column":4},"end":{"line":247,"column":null}},{"start":{"line":241,"column":4},"end":{"line":247,"column":null}}]},"16":{"loc":{"start":{"line":251,"column":4},"end":{"line":257,"column":null}},"type":"if","locations":[{"start":{"line":251,"column":4},"end":{"line":257,"column":null}},{"start":{"line":251,"column":4},"end":{"line":257,"column":null}}]},"17":{"loc":{"start":{"line":268,"column":4},"end":{"line":274,"column":null}},"type":"if","locations":[{"start":{"line":268,"column":4},"end":{"line":274,"column":null}},{"start":{"line":268,"column":4},"end":{"line":274,"column":null}}]}},"s":{"0":4,"1":4,"2":333,"3":333,"4":333,"5":333,"6":333,"7":333,"8":333,"9":333,"10":333,"11":333,"12":333,"13":333,"14":333,"15":333,"16":333,"17":333,"18":333,"19":333,"20":333,"21":333,"22":333,"23":333,"24":333,"25":333,"26":333,"27":3,"28":333,"29":333,"30":333,"31":333,"32":5,"33":5,"34":5,"35":333,"36":18,"37":18,"38":18,"39":18,"40":18,"41":18,"42":18,"43":18,"44":18,"45":4,"46":18,"47":6,"48":4,"49":4,"50":4,"51":4,"52":4,"53":6,"54":4,"55":232,"56":232,"57":232,"58":232,"59":232,"60":232,"61":232,"62":232,"63":232,"64":232,"65":232,"66":232,"67":232,"68":232,"69":232,"70":232,"71":232,"72":232,"73":232,"74":232,"75":232,"76":1,"77":232,"78":232,"79":232,"80":232,"81":232,"82":232,"83":232,"84":4,"85":3,"86":4,"87":3,"88":1,"89":2,"90":3,"91":6,"92":4,"93":2,"94":4,"95":4,"96":3,"97":3,"98":4,"99":3,"100":4,"101":3,"102":1,"103":2,"104":3,"105":4,"106":5,"107":3,"108":2,"109":3,"110":4,"111":3,"112":1,"113":2,"114":4,"115":7,"116":6,"117":1,"118":2,"119":3,"120":4,"121":3,"122":4},"f":{"0":333,"1":3,"2":18,"3":232,"4":4,"5":3,"6":4,"7":3,"8":6,"9":4,"10":3,"11":3,"12":4,"13":3,"14":4,"15":3,"16":4,"17":5,"18":4,"19":4,"20":7,"21":3,"22":4,"23":3},"b":{"0":[205,128],"1":[333,208],"2":[5,328],"3":[18,3],"4":[18,6],"5":[18,12],"6":[15,3],"7":[4,14],"8":[6,12],"9":[4,2],"10":[4,2],"11":[1,231],"12":[3,1],"13":[4,2],"14":[3,1],"15":[3,2],"16":[3,1],"17":[6,1]}}
,"/Users/macbookpro/Desktop/jest-express-master/src/response.ts": {"path":"/Users/macbookpro/Desktop/jest-express-master/src/response.ts","statementMap":{"0":{"start":{"line":35,"column":4},"end":{"line":35,"column":22}},"1":{"start":{"line":36,"column":4},"end":{"line":36,"column":29}},"2":{"start":{"line":37,"column":4},"end":{"line":37,"column":21}},"3":{"start":{"line":39,"column":4},"end":{"line":39,"column":38}},"4":{"start":{"line":39,"column":32},"end":{"line":39,"column":36}},"5":{"start":{"line":40,"column":4},"end":{"line":40,"column":42}},"6":{"start":{"line":40,"column":36},"end":{"line":40,"column":40}},"7":{"start":{"line":41,"column":4},"end":{"line":41,"column":38}},"8":{"start":{"line":41,"column":32},"end":{"line":41,"column":36}},"9":{"start":{"line":42,"column":4},"end":{"line":42,"column":43}},"10":{"start":{"line":42,"column":37},"end":{"line":42,"column":41}},"11":{"start":{"line":43,"column":4},"end":{"line":43,"column":30}},"12":{"start":{"line":44,"column":4},"end":{"line":44,"column":25}},"13":{"start":{"line":45,"column":4},"end":{"line":45,"column":38}},"14":{"start":{"line":45,"column":32},"end":{"line":45,"column":36}},"15":{"start":{"line":46,"column":4},"end":{"line":46,"column":25}},"16":{"start":{"line":47,"column":4},"end":{"line":54,"column":7}},"17":{"start":{"line":48,"column":6},"end":{"line":52,"column":null}},"18":{"start":{"line":49,"column":8},"end":{"line":49,"column":29}},"19":{"start":{"line":51,"column":8},"end":{"line":51,"column":22}},"20":{"start":{"line":53,"column":6},"end":{"line":53,"column":18}},"21":{"start":{"line":55,"column":4},"end":{"line":55,"column":26}},"22":{"start":{"line":56,"column":4},"end":{"line":56,"column":27}},"23":{"start":{"line":57,"column":4},"end":{"line":57,"column":37}},"24":{"start":{"line":57,"column":31},"end":{"line":57,"column":35}},"25":{"start":{"line":58,"column":4},"end":{"line":58,"column":40}},"26":{"start":{"line":58,"column":34},"end":{"line":58,"column":38}},"27":{"start":{"line":59,"column":4},"end":{"line":59,"column":30}},"28":{"start":{"line":60,"column":4},"end":{"line":60,"column":28}},"29":{"start":{"line":61,"column":4},"end":{"line":61,"column":36}},"30":{"start":{"line":61,"column":30},"end":{"line":61,"column":34}},"31":{"start":{"line":62,"column":4},"end":{"line":62,"column":30}},"32":{"start":{"line":63,"column":4},"end":{"line":63,"column":32}},"33":{"start":{"line":64,"column":4},"end":{"line":73,"column":7}},"34":{"start":{"line":65,"column":6},"end":{"line":71,"column":null}},"35":{"start":{"line":66,"column":8},"end":{"line":66,"column":35}},"36":{"start":{"line":68,"column":8},"end":{"line":70,"column":null}},"37":{"start":{"line":69,"column":10},"end":{"line":69,"column":30}},"38":{"start":{"line":72,"column":6},"end":{"line":72,"column":18}},"39":{"start":{"line":74,"column":4},"end":{"line":77,"column":7}},"40":{"start":{"line":75,"column":6},"end":{"line":75,"column":32}},"41":{"start":{"line":76,"column":6},"end":{"line":76,"column":18}},"42":{"start":{"line":78,"column":4},"end":{"line":78,"column":38}},"43":{"start":{"line":78,"column":32},"end":{"line":78,"column":36}},"44":{"start":{"line":79,"column":4},"end":{"line":79,"column":36}},"45":{"start":{"line":79,"column":30},"end":{"line":79,"column":34}},"46":{"start":{"line":80,"column":4},"end":{"line":80,"column":36}},"47":{"start":{"line":80,"column":30},"end":{"line":80,"column":34}},"48":{"start":{"line":81,"column":4},"end":{"line":81,"column":16}},"49":{"start":{"line":85,"column":4},"end":{"line":85,"column":29}},"50":{"start":{"line":89,"column":4},"end":{"line":89,"column":29}},"51":{"start":{"line":93,"column":4},"end":{"line":93,"column":29}},"52":{"start":{"line":98,"column":4},"end":{"line":98,"column":22}},"53":{"start":{"line":99,"column":4},"end":{"line":99,"column":29}},"54":{"start":{"line":100,"column":4},"end":{"line":100,"column":21}},"55":{"start":{"line":102,"column":4},"end":{"line":102,"column":28}},"56":{"start":{"line":103,"column":4},"end":{"line":103,"column":32}},"57":{"start":{"line":104,"column":4},"end":{"line":104,"column":28}},"58":{"start":{"line":105,"column":4},"end":{"line":105,"column":33}},"59":{"start":{"line":106,"column":4},"end":{"line":106,"column":30}},"60":{"start":{"line":107,"column":4},"end":{"line":107,"column":25}},"61":{"start":{"line":108,"column":4},"end":{"line":108,"column":28}},"62":{"start":{"line":109,"column":4},"end":{"line":109,"column":25}},"63":{"start":{"line":110,"column":4},"end":{"line":110,"column":28}},"64":{"start":{"line":111,"column":4},"end":{"line":111,"column":26}},"65":{"start":{"line":112,"column":4},"end":{"line":112,"column":27}},"66":{"start":{"line":113,"column":4},"end":{"line":113,"column":27}},"67":{"start":{"line":114,"column":4},"end":{"line":114,"column":30}},"68":{"start":{"line":115,"column":4},"end":{"line":115,"column":30}},"69":{"start":{"line":116,"column":4},"end":{"line":116,"column":28}},"70":{"start":{"line":117,"column":4},"end":{"line":117,"column":26}},"71":{"start":{"line":118,"column":4},"end":{"line":118,"column":30}},"72":{"start":{"line":119,"column":4},"end":{"line":119,"column":32}},"73":{"start":{"line":120,"column":4},"end":{"line":120,"column":25}},"74":{"start":{"line":121,"column":4},"end":{"line":121,"column":31}},"75":{"start":{"line":122,"column":4},"end":{"line":122,"column":28}},"76":{"start":{"line":123,"column":4},"end":{"line":123,"column":26}},"77":{"start":{"line":124,"column":4},"end":{"line":124,"column":26}},"78":{"start":{"line":3,"column":0},"end":{"line":3,"column":13}}},"fnMap":{"0":{"name":"(anonymous_0)","decl":{"start":{"line":33,"column":2},"end":{"line":33,"column":null}},"loc":{"start":{"line":33,"column":2},"end":{"line":82,"column":3}}},"1":{"name":"(anonymous_1)","decl":{"start":{"line":39,"column":26},"end":{"line":39,"column":29}},"loc":{"start":{"line":39,"column":32},"end":{"line":39,"column":36}}},"2":{"name":"(anonymous_2)","decl":{"start":{"line":40,"column":30},"end":{"line":40,"column":33}},"loc":{"start":{"line":40,"column":36},"end":{"line":40,"column":40}}},"3":{"name":"(anonymous_3)","decl":{"start":{"line":41,"column":26},"end":{"line":41,"column":29}},"loc":{"start":{"line":41,"column":32},"end":{"line":41,"column":36}}},"4":{"name":"(anonymous_4)","decl":{"start":{"line":42,"column":31},"end":{"line":42,"column":34}},"loc":{"start":{"line":42,"column":37},"end":{"line":42,"column":41}}},"5":{"name":"(anonymous_5)","decl":{"start":{"line":45,"column":26},"end":{"line":45,"column":29}},"loc":{"start":{"line":45,"column":32},"end":{"line":45,"column":36}}},"6":{"name":"(anonymous_6)","decl":{"start":{"line":47,"column":26},"end":{"line":47,"column":27}},"loc":{"start":{"line":47,"column":61},"end":{"line":54,"column":5}}},"7":{"name":"(anonymous_7)","decl":{"start":{"line":57,"column":25},"end":{"line":57,"column":28}},"loc":{"start":{"line":57,"column":31},"end":{"line":57,"column":35}}},"8":{"name":"(anonymous_8)","decl":{"start":{"line":58,"column":28},"end":{"line":58,"column":31}},"loc":{"start":{"line":58,"column":34},"end":{"line":58,"column":38}}},"9":{"name":"(anonymous_9)","decl":{"start":{"line":61,"column":24},"end":{"line":61,"column":27}},"loc":{"start":{"line":61,"column":30},"end":{"line":61,"column":34}}},"10":{"name":"(anonymous_10)","decl":{"start":{"line":64,"column":23},"end":{"line":64,"column":24}},"loc":{"start":{"line":64,"column":89},"end":{"line":73,"column":5}}},"11":{"name":"(anonymous_11)","decl":{"start":{"line":74,"column":29},"end":{"line":74,"column":30}},"loc":{"start":{"line":74,"column":60},"end":{"line":77,"column":5}}},"12":{"name":"(anonymous_12)","decl":{"start":{"line":78,"column":26},"end":{"line":78,"column":29}},"loc":{"start":{"line":78,"column":32},"end":{"line":78,"column":36}}},"13":{"name":"(anonymous_13)","decl":{"start":{"line":79,"column":24},"end":{"line":79,"column":27}},"loc":{"start":{"line":79,"column":30},"end":{"line":79,"column":34}}},"14":{"name":"(anonymous_14)","decl":{"start":{"line":80,"column":24},"end":{"line":80,"column":27}},"loc":{"start":{"line":80,"column":30},"end":{"line":80,"column":34}}},"15":{"name":"(anonymous_15)","decl":{"start":{"line":84,"column":9},"end":{"line":84,"column":18}},"loc":{"start":{"line":84,"column":30},"end":{"line":86,"column":3}}},"16":{"name":"(anonymous_16)","decl":{"start":{"line":88,"column":9},"end":{"line":88,"column":23}},"loc":{"start":{"line":88,"column":38},"end":{"line":90,"column":3}}},"17":{"name":"(anonymous_17)","decl":{"start":{"line":92,"column":9},"end":{"line":92,"column":18}},"loc":{"start":{"line":92,"column":45},"end":{"line":94,"column":3}}},"18":{"name":"(anonymous_18)","decl":{"start":{"line":96,"column":9},"end":{"line":96,"column":20}},"loc":{"start":{"line":96,"column":20},"end":{"line":125,"column":3}}}},"branchMap":{"0":{"loc":{"start":{"line":48,"column":6},"end":{"line":52,"column":null}},"type":"if","locations":[{"start":{"line":48,"column":6},"end":{"line":52,"column":null}},{"start":{"line":48,"column":6},"end":{"line":52,"column":null}}]},"1":{"loc":{"start":{"line":65,"column":6},"end":{"line":71,"column":null}},"type":"if","locations":[{"start":{"line":65,"column":6},"end":{"line":71,"column":null}},{"start":{"line":65,"column":6},"end":{"line":71,"column":null}}]}},"s":{"0":321,"1":321,"2":321,"3":321,"4":3,"5":321,"6":3,"7":321,"8":3,"9":321,"10":3,"11":321,"12":321,"13":321,"14":3,"15":321,"16":321,"17":6,"18":4,"19":2,"20":6,"21":321,"22":321,"23":321,"24":3,"25":321,"26":3,"27":321,"28":321,"29":321,"30":4,"31":321,"32":321,"33":321,"34":21,"35":17,"36":4,"37":6,"38":21,"39":321,"40":22,"41":22,"42":321,"43":5,"44":321,"45":3,"46":321,"47":3,"48":321,"49":6,"50":3,"51":3,"52":224,"53":224,"54":224,"55":224,"56":224,"57":224,"58":224,"59":224,"60":224,"61":224,"62":224,"63":224,"64":224,"65":224,"66":224,"67":224,"68":224,"69":224,"70":224,"71":224,"72":224,"73":224,"74":224,"75":224,"76":224,"77":224,"78":5},"f":{"0":321,"1":3,"2":3,"3":3,"4":3,"5":3,"6":6,"7":3,"8":3,"9":4,"10":21,"11":22,"12":5,"13":3,"14":3,"15":6,"16":3,"17":3,"18":224},"b":{"0":[4,2],"1":[17,4]}}
,"/Users/macbookpro/Desktop/jest-express-master/src/router.ts": {"path":"/Users/macbookpro/Desktop/jest-express-master/src/router.ts","statementMap":{"0":{"start":{"line":1,"column":0},"end":{"line":1,"column":44}},"1":{"start":{"line":2,"column":0},"end":{"line":2,"column":36}},"2":{"start":{"line":3,"column":0},"end":{"line":3,"column":38}},"3":{"start":{"line":23,"column":20},"end":{"line":30,"column":5}},"4":{"start":{"line":24,"column":24},"end":{"line":24,"column":47}},"5":{"start":{"line":25,"column":6},"end":{"line":29,"column":null}},"6":{"start":{"line":25,"column":67},"end":{"line":25,"column":91}},"7":{"start":{"line":26,"column":8},"end":{"line":26,"column":83}},"8":{"start":{"line":26,"column":39},"end":{"line":26,"column":81}},"9":{"start":{"line":28,"column":8},"end":{"line":28,"column":53}},"10":{"start":{"line":32,"column":21},"end":{"line":32,"column":53}},"11":{"start":{"line":33,"column":21},"end":{"line":33,"column":53}},"12":{"start":{"line":34,"column":23},"end":{"line":34,"column":57}},"13":{"start":{"line":35,"column":22},"end":{"line":35,"column":55}},"14":{"start":{"line":36,"column":21},"end":{"line":36,"column":53}},"15":{"start":{"line":38,"column":4},"end":{"line":38,"column":33}},"16":{"start":{"line":39,"column":4},"end":{"line":39,"column":35}},"17":{"start":{"line":40,"column":4},"end":{"line":40,"column":21}},"18":{"start":{"line":41,"column":4},"end":{"line":41,"column":27}},"19":{"start":{"line":42,"column":4},"end":{"line":42,"column":25}},"20":{"start":{"line":43,"column":4},"end":{"line":43,"column":25}},"21":{"start":{"line":44,"column":4},"end":{"line":44,"column":22}},"22":{"start":{"line":45,"column":4},"end":{"line":45,"column":19}},"23":{"start":{"line":46,"column":4},"end":{"line":46,"column":21}},"24":{"start":{"line":47,"column":4},"end":{"line":47,"column":19}},"25":{"start":{"line":48,"column":4},"end":{"line":48,"column":23}},"26":{"start":{"line":59,"column":4},"end":{"line":85,"column":7}},"27":{"start":{"line":63,"column":6},"end":{"line":84,"column":8}},"28":{"start":{"line":65,"column":10},"end":{"line":65,"column":24}},"29":{"start":{"line":66,"column":10},"end":{"line":66,"column":22}},"30":{"start":{"line":69,"column":10},"end":{"line":69,"column":24}},"31":{"start":{"line":70,"column":10},"end":{"line":70,"column":22}},"32":{"start":{"line":73,"column":10},"end":{"line":73,"column":26}},"33":{"start":{"line":74,"column":10},"end":{"line":74,"column":22}},"34":{"start":{"line":77,"column":10},"end":{"line":77,"column":25}},"35":{"start":{"line":78,"column":10},"end":{"line":78,"column":22}},"36":{"start":{"line":81,"column":10},"end":{"line":81,"column":24}},"37":{"start":{"line":82,"column":10},"end":{"line":82,"column":22}},"38":{"start":{"line":86,"column":4},"end":{"line":86,"column":16}},"39":{"start":{"line":90,"column":4},"end":{"line":90,"column":25}},"40":{"start":{"line":91,"column":4},"end":{"line":91,"column":25}},"41":{"start":{"line":92,"column":4},"end":{"line":92,"column":27}},"42":{"start":{"line":93,"column":4},"end":{"line":93,"column":27}},"43":{"start":{"line":94,"column":4},"end":{"line":94,"column":25}},"44":{"start":{"line":8,"column":0},"end":{"line":8,"column":13}}},"fnMap":{"0":{"name":"(anonymous_0)","decl":{"start":{"line":22,"column":2},"end":{"line":22,"column":null}},"loc":{"start":{"line":22,"column":2},"end":{"line":87,"column":3}}},"1":{"name":"(anonymous_1)","decl":{"start":{"line":23,"column":20},"end":{"line":23,"column":21}},"loc":{"start":{"line":23,"column":59},"end":{"line":30,"column":5}}},"2":{"name":"(anonymous_2)","decl":{"start":{"line":25,"column":54},"end":{"line":25,"column":55}},"loc":{"start":{"line":25,"column":67},"end":{"line":25,"column":91}}},"3":{"name":"(anonymous_3)","decl":{"start":{"line":26,"column":26},"end":{"line":26,"column":27}},"loc":{"start":{"line":26,"column":39},"end":{"line":26,"column":81}}},"4":{"name":"(anonymous_4)","decl":{"start":{"line":59,"column":25},"end":{"line":59,"column":26}},"loc":{"start":{"line":59,"column":42},"end":{"line":85,"column":5}}},"5":{"name":"(anonymous_5)","decl":{"start":{"line":64,"column":8},"end":{"line":64,"column":14}},"loc":{"start":{"line":64,"column":22},"end":{"line":67,"column":9}}},"6":{"name":"(anonymous_6)","decl":{"start":{"line":68,"column":8},"end":{"line":68,"column":11}},"loc":{"start":{"line":68,"column":19},"end":{"line":71,"column":9}}},"7":{"name":"(anonymous_7)","decl":{"start":{"line":72,"column":8},"end":{"line":72,"column":13}},"loc":{"start":{"line":72,"column":21},"end":{"line":75,"column":9}}},"8":{"name":"(anonymous_8)","decl":{"start":{"line":76,"column":8},"end":{"line":76,"column":12}},"loc":{"start":{"line":76,"column":20},"end":{"line":79,"column":9}}},"9":{"name":"(anonymous_9)","decl":{"start":{"line":80,"column":8},"end":{"line":80,"column":11}},"loc":{"start":{"line":80,"column":19},"end":{"line":83,"column":9}}},"10":{"name":"(anonymous_10)","decl":{"start":{"line":89,"column":9},"end":{"line":89,"column":20}},"loc":{"start":{"line":89,"column":20},"end":{"line":95,"column":3}}}},"branchMap":{"0":{"loc":{"start":{"line":25,"column":6},"end":{"line":29,"column":null}},"type":"if","locations":[{"start":{"line":25,"column":6},"end":{"line":29,"column":null}},{"start":{"line":25,"column":6},"end":{"line":29,"column":null}}]},"1":{"loc":{"start":{"line":25,"column":10},"end":{"line":25,"column":34}},"type":"binary-expr","locations":[{"start":{"line":25,"column":10},"end":{"line":25,"column":34}},{"start":{"line":25,"column":38},"end":{"line":25,"column":92}}]}},"s":{"0":2,"1":2,"2":2,"3":14,"4":10,"5":10,"6":13,"7":9,"8":13,"9":1,"10":14,"11":14,"12":14,"13":14,"14":14,"15":14,"16":14,"17":14,"18":14,"19":14,"20":14,"21":14,"22":14,"23":14,"24":14,"25":14,"26":14,"27":5,"28":1,"29":1,"30":1,"31":1,"32":1,"33":1,"34":1,"35":1,"36":1,"37":1,"38":14,"39":13,"40":13,"41":13,"42":13,"43":13,"44":2},"f":{"0":14,"1":10,"2":13,"3":13,"4":5,"5":1,"6":1,"7":1,"8":1,"9":1,"10":13},"b":{"0":[9,1],"1":[10,9]}}
}
