TN:
SF:/Users/macbookpro/Desktop/jest-express-master/src/application.ts
FN:9,(anonymous_0)
FN:17,(anonymous_1)
FNF:2
FNH:2
FNDA:11,(anonymous_0)
FNDA:12,(anonymous_1)
DA:3,2
DA:10,11
DA:11,11
DA:12,11
DA:13,11
DA:14,11
DA:18,12
DA:19,12
DA:20,12
DA:21,12
LF:10
LH:10
BRF:0
BRH:0
end_of_record
TN:
SF:/Users/macbookpro/Desktop/jest-express-master/src/express.ts
FN:43,(anonymous_0)
FN:55,(anonymous_1)
FN:58,(anonymous_2)
FN:61,(anonymous_3)
FN:64,(anonymous_4)
FN:82,(anonymous_5)
FN:91,(anonymous_6)
FN:96,(anonymous_7)
FN:99,(anonymous_8)
FN:104,(anonymous_9)
FN:113,(anonymous_10)
FN:119,(anonymous_11)
FN:123,(anonymous_12)
FN:127,(anonymous_13)
FN:131,(anonymous_14)
FNF:15
FNH:15
FNDA:204,(anonymous_0)
FNDA:4,(anonymous_1)
FNDA:1,(anonymous_2)
FNDA:4,(anonymous_3)
FNDA:1,(anonymous_4)
FNDA:3,(anonymous_5)
FNDA:12,(anonymous_6)
FNDA:10,(anonymous_7)
FNDA:7,(anonymous_8)
FNDA:4,(anonymous_9)
FNDA:12,(anonymous_10)
FNDA:3,(anonymous_11)
FNDA:3,(anonymous_12)
FNDA:3,(anonymous_13)
FNDA:94,(anonymous_14)
DA:1,4
DA:2,4
DA:3,4
DA:8,4
DA:44,204
DA:45,204
DA:46,204
DA:48,204
DA:49,204
DA:50,204
DA:51,204
DA:53,204
DA:54,204
DA:55,204
DA:56,4
DA:58,204
DA:59,1
DA:61,204
DA:62,4
DA:64,204
DA:65,1
DA:67,204
DA:69,204
DA:70,204
DA:71,204
DA:72,204
DA:73,204
DA:74,204
DA:75,204
DA:76,204
DA:77,204
DA:79,204
DA:81,204
DA:82,204
DA:83,3
DA:84,1
DA:86,2
DA:87,1
DA:89,1
DA:91,204
DA:92,12
DA:93,5
DA:95,7
DA:96,10
DA:97,6
DA:99,7
DA:101,1
DA:104,204
DA:105,4
DA:113,204
DA:114,12
DA:116,204
DA:120,3
DA:124,3
DA:128,3
DA:133,94
DA:134,94
DA:135,94
DA:137,94
DA:138,94
DA:139,94
DA:140,94
DA:141,94
DA:142,94
DA:143,94
DA:144,94
DA:145,94
DA:146,94
DA:147,94
DA:148,94
DA:149,94
DA:150,94
DA:151,94
DA:152,94
DA:153,94
DA:154,94
DA:155,94
DA:156,94
DA:157,94
DA:158,94
DA:160,94
DA:161,94
DA:162,94
DA:164,94
LF:84
LH:84
BRDA:83,0,0,1
BRDA:83,0,1,2
BRDA:83,1,0,3
BRDA:83,1,1,2
BRDA:86,2,0,1
BRDA:86,2,1,1
BRDA:86,3,0,2
BRDA:86,3,1,1
BRDA:92,4,0,5
BRDA:92,4,1,7
BRDA:92,5,0,12
BRDA:92,5,1,11
BRDA:96,6,0,6
BRDA:96,6,1,1
BRDA:96,7,0,7
BRDA:96,7,1,6
BRDA:98,8,0,3
BRDA:98,8,1,3
BRF:18
BRH:18
end_of_record
TN:
SF:/Users/macbookpro/Desktop/jest-express-master/src/index.ts
FN:16,createApplication
FN:27,(anonymous_1)
FNF:2
FNH:2
FNDA:1,createApplication
FNDA:1,(anonymous_1)
DA:1,1
DA:2,1
DA:3,1
DA:4,1
DA:5,1
DA:6,1
DA:11,1
DA:17,1
DA:23,1
DA:24,1
DA:25,1
DA:26,1
DA:27,1
DA:32,1
DA:33,1
DA:34,1
DA:35,1
DA:36,1
DA:37,1
LF:19
LH:19
BRF:0
BRH:0
end_of_record
TN:
SF:/Users/macbookpro/Desktop/jest-express-master/src/next.ts
FNF:0
FNH:0
DA:13,5
LF:1
LH:1
BRF:0
BRH:0
end_of_record
TN:
SF:/Users/macbookpro/Desktop/jest-express-master/src/request.ts
FN:56,(anonymous_0)
FN:85,(anonymous_1)
FN:100,(anonymous_2)
FN:133,(anonymous_3)
FN:170,(anonymous_4)
FN:174,(anonymous_5)
FN:178,(anonymous_6)
FN:188,(anonymous_7)
FN:192,(anonymous_8)
FN:202,(anonymous_9)
FN:206,(anonymous_10)
FN:210,(anonymous_11)
FN:214,(anonymous_12)
FN:218,(anonymous_13)
FN:222,(anonymous_14)
FN:232,(anonymous_15)
FN:236,(anonymous_16)
FN:240,(anonymous_17)
FN:250,(anonymous_18)
FN:260,(anonymous_19)
FN:264,(anonymous_20)
FN:277,(anonymous_21)
FN:281,(anonymous_22)
FN:285,(anonymous_23)
FNF:24
FNH:24
FNDA:333,(anonymous_0)
FNDA:3,(anonymous_1)
FNDA:18,(anonymous_2)
FNDA:232,(anonymous_3)
FNDA:4,(anonymous_4)
FNDA:3,(anonymous_5)
FNDA:4,(anonymous_6)
FNDA:3,(anonymous_7)
FNDA:6,(anonymous_8)
FNDA:4,(anonymous_9)
FNDA:3,(anonymous_10)
FNDA:3,(anonymous_11)
FNDA:4,(anonymous_12)
FNDA:3,(anonymous_13)
FNDA:4,(anonymous_14)
FNDA:3,(anonymous_15)
FNDA:4,(anonymous_16)
FNDA:5,(anonymous_17)
FNDA:4,(anonymous_18)
FNDA:4,(anonymous_19)
FNDA:7,(anonymous_20)
FNDA:3,(anonymous_21)
FNDA:4,(anonymous_22)
FNDA:3,(anonymous_23)
DA:1,4
DA:2,4
DA:20,4
DA:58,333
DA:59,333
DA:60,333
DA:61,333
DA:62,333
DA:63,333
DA:64,333
DA:65,333
DA:66,333
DA:67,333
DA:68,333
DA:69,333
DA:70,333
DA:71,333
DA:72,333
DA:73,333
DA:74,333
DA:75,333
DA:76,333
DA:77,333
DA:79,333
DA:80,333
DA:81,333
DA:82,333
DA:83,333
DA:85,3
DA:86,333
DA:87,333
DA:89,333
DA:91,333
DA:92,5
DA:93,5
DA:94,5
DA:97,333
DA:101,18
DA:103,18
DA:104,18
DA:105,18
DA:106,18
DA:107,18
DA:110,18
DA:112,18
DA:113,18
DA:114,4
DA:117,18
DA:118,6
DA:119,4
DA:120,4
DA:121,4
DA:122,4
DA:125,4
DA:127,6
DA:128,4
DA:135,232
DA:136,232
DA:137,232
DA:138,232
DA:139,232
DA:140,232
DA:141,232
DA:142,232
DA:143,232
DA:144,232
DA:145,232
DA:146,232
DA:147,232
DA:148,232
DA:149,232
DA:150,232
DA:151,232
DA:152,232
DA:153,232
DA:154,232
DA:156,232
DA:157,1
DA:161,232
DA:162,232
DA:163,232
DA:164,232
DA:165,232
DA:166,232
DA:167,232
DA:171,4
DA:175,3
DA:179,4
DA:180,3
DA:182,1
DA:183,2
DA:189,3
DA:193,6
DA:194,4
DA:196,2
DA:197,4
DA:203,4
DA:207,3
DA:211,3
DA:215,4
DA:219,3
DA:223,4
DA:224,3
DA:226,1
DA:227,2
DA:233,3
DA:237,4
DA:241,5
DA:242,3
DA:244,2
DA:245,3
DA:251,4
DA:252,3
DA:254,1
DA:255,2
DA:261,4
DA:268,7
DA:269,6
DA:271,1
DA:272,2
DA:278,3
DA:282,4
DA:286,3
LF:123
LH:123
BRDA:89,0,0,205
BRDA:89,0,1,128
BRDA:89,1,0,333
BRDA:89,1,1,208
BRDA:91,2,0,5
BRDA:91,2,1,328
BRDA:103,3,0,18
BRDA:103,3,1,3
BRDA:104,4,0,18
BRDA:104,4,1,6
BRDA:105,5,0,18
BRDA:105,5,1,12
BRDA:108,6,0,15
BRDA:108,6,1,3
BRDA:113,7,0,4
BRDA:113,7,1,14
BRDA:117,8,0,6
BRDA:117,8,1,12
BRDA:118,9,0,4
BRDA:118,9,1,2
BRDA:127,10,0,4
BRDA:127,10,1,2
BRDA:156,11,0,1
BRDA:156,11,1,231
BRDA:179,12,0,3
BRDA:179,12,1,1
BRDA:193,13,0,4
BRDA:193,13,1,2
BRDA:223,14,0,3
BRDA:223,14,1,1
BRDA:241,15,0,3
BRDA:241,15,1,2
BRDA:251,16,0,3
BRDA:251,16,1,1
BRDA:268,17,0,6
BRDA:268,17,1,1
BRF:36
BRH:36
end_of_record
TN:
SF:/Users/macbookpro/Desktop/jest-express-master/src/response.ts
FN:33,(anonymous_0)
FN:39,(anonymous_1)
FN:40,(anonymous_2)
FN:41,(anonymous_3)
FN:42,(anonymous_4)
FN:45,(anonymous_5)
FN:47,(anonymous_6)
FN:57,(anonymous_7)
FN:58,(anonymous_8)
FN:61,(anonymous_9)
FN:64,(anonymous_10)
FN:74,(anonymous_11)
FN:78,(anonymous_12)
FN:79,(anonymous_13)
FN:80,(anonymous_14)
FN:84,(anonymous_15)
FN:88,(anonymous_16)
FN:92,(anonymous_17)
FN:96,(anonymous_18)
FNF:19
FNH:19
FNDA:321,(anonymous_0)
FNDA:3,(anonymous_1)
FNDA:3,(anonymous_2)
FNDA:3,(anonymous_3)
FNDA:3,(anonymous_4)
FNDA:3,(anonymous_5)
FNDA:6,(anonymous_6)
FNDA:3,(anonymous_7)
FNDA:3,(anonymous_8)
FNDA:4,(anonymous_9)
FNDA:21,(anonymous_10)
FNDA:22,(anonymous_11)
FNDA:5,(anonymous_12)
FNDA:3,(anonymous_13)
FNDA:3,(anonymous_14)
FNDA:6,(anonymous_15)
FNDA:3,(anonymous_16)
FNDA:3,(anonymous_17)
FNDA:224,(anonymous_18)
DA:3,5
DA:35,321
DA:36,321
DA:37,321
DA:39,321
DA:40,321
DA:41,321
DA:42,321
DA:43,321
DA:44,321
DA:45,321
DA:46,321
DA:47,321
DA:48,6
DA:49,4
DA:51,2
DA:53,6
DA:55,321
DA:56,321
DA:57,321
DA:58,321
DA:59,321
DA:60,321
DA:61,321
DA:62,321
DA:63,321
DA:64,321
DA:65,21
DA:66,17
DA:68,4
DA:69,6
DA:72,21
DA:74,321
DA:75,22
DA:76,22
DA:78,321
DA:79,321
DA:80,321
DA:81,321
DA:85,6
DA:89,3
DA:93,3
DA:98,224
DA:99,224
DA:100,224
DA:102,224
DA:103,224
DA:104,224
DA:105,224
DA:106,224
DA:107,224
DA:108,224
DA:109,224
DA:110,224
DA:111,224
DA:112,224
DA:113,224
DA:114,224
DA:115,224
DA:116,224
DA:117,224
DA:118,224
DA:119,224
DA:120,224
DA:121,224
DA:122,224
DA:123,224
DA:124,224
LF:68
LH:68
BRDA:48,0,0,4
BRDA:48,0,1,2
BRDA:65,1,0,17
BRDA:65,1,1,4
BRF:4
BRH:4
end_of_record
TN:
SF:/Users/macbookpro/Desktop/jest-express-master/src/router.ts
FN:22,(anonymous_0)
FN:23,(anonymous_1)
FN:25,(anonymous_2)
FN:26,(anonymous_3)
FN:59,(anonymous_4)
FN:64,(anonymous_5)
FN:68,(anonymous_6)
FN:72,(anonymous_7)
FN:76,(anonymous_8)
FN:80,(anonymous_9)
FN:89,(anonymous_10)
FNF:11
FNH:11
FNDA:14,(anonymous_0)
FNDA:10,(anonymous_1)
FNDA:13,(anonymous_2)
FNDA:13,(anonymous_3)
FNDA:5,(anonymous_4)
FNDA:1,(anonymous_5)
FNDA:1,(anonymous_6)
FNDA:1,(anonymous_7)
FNDA:1,(anonymous_8)
FNDA:1,(anonymous_9)
FNDA:13,(anonymous_10)
DA:1,2
DA:2,2
DA:3,2
DA:8,2
DA:23,14
DA:24,10
DA:25,13
DA:26,13
DA:28,1
DA:32,14
DA:33,14
DA:34,14
DA:35,14
DA:36,14
DA:38,14
DA:39,14
DA:40,14
DA:41,14
DA:42,14
DA:43,14
DA:44,14
DA:45,14
DA:46,14
DA:47,14
DA:48,14
DA:59,14
DA:63,5
DA:65,1
DA:66,1
DA:69,1
DA:70,1
DA:73,1
DA:74,1
DA:77,1
DA:78,1
DA:81,1
DA:82,1
DA:86,14
DA:90,13
DA:91,13
DA:92,13
DA:93,13
DA:94,13
LF:43
LH:43
BRDA:25,0,0,9
BRDA:25,0,1,1
BRDA:25,1,0,10
BRDA:25,1,1,9
BRF:4
BRH:4
end_of_record
